<?xml version="1.0" encoding="UTF-8"?>
<!-- Generated by org.testng.reporters.JUnitXMLReporter -->
<testsuite hostname="DESKTOP-I2FKUVF" ignored="0" name="Test" tests="1" failures="0" timestamp="09 Jul 2018 19:39:58 GMT" time="0.156" errors="0">
  <testcase name="@BeforeClass deviceSetUp" time="0.0" classname="appiumEnv.Appium_Env">
    <failure type="org.testng.TestNGException" message="
Parameter &amp;apos;device&amp;apos; is required by BeforeClass on method deviceSetUp but has not been marked @Optional or defined
in D:\Projects\AppiumGrid\testng.xml">
      <![CDATA[org.testng.TestNGException: 
Parameter 'device' is required by BeforeClass on method deviceSetUp but has not been marked @Optional or defined
in D:\Projects\AppiumGrid\testng.xml
... Removed 23 stack frames]]>
    </failure>
  </testcase> <!-- @BeforeClass deviceSetUp -->
  <testcase name="@AfterClass tearDown" time="0.0" classname="appiumEnv.Appium_Env">
    <skipped/>
  </testcase> <!-- @AfterClass tearDown -->
  <testcase name="brightnessControl" time="0.0" classname="appiumTest.BrightnessControl">
    <skipped/>
  </testcase> <!-- brightnessControl -->
</testsuite> <!-- Test -->
